<?xml version="1.0" encoding="UTF-8"?>
<!-- Generated by org.testng.reporters.JUnitXMLReporter -->
<testsuite hostname="IN-QA10" ignored="0" name="Test" tests="2" failures="1" timestamp="23 Feb 2019 11:53:51 GMT" time="25.821" errors="0">
  <testcase name="TC_001" time="4.028" classname="org.EnterpriseSSP.TestCase.TC_Login"/>
  <testcase name="Tc_002" time="0.004" classname="org.EnterpriseSSP.TestCase.TC_MoveBooking">
    <failure type="java.lang.NullPointerException">
      <![CDATA[java.lang.NullPointerException
at org.EnterpriseSSP.Page.LoginPage.LoginToSystem(LoginPage.java:31)
at org.EnterpriseSSP.TestCase.TC_MoveBooking.Tc_002(TC_MoveBooking.java:12)
... Removed 25 stack frames]]>
    </failure>
  </testcase> <!-- Tc_002 -->
</testsuite> <!-- Test -->
