<?xml version="1.0" encoding="UTF-8"?>
<testng-results skipped="0" failed="1" ignored="0" total="2" passed="1">
  <reporter-output>
  </reporter-output>
  <suite name="Suite" duration-ms="25821" started-at="2019-02-23T11:53:25Z" finished-at="2019-02-23T11:53:51Z">
    <groups>
    </groups>
    <test name="Test" duration-ms="25821" started-at="2019-02-23T11:53:25Z" finished-at="2019-02-23T11:53:51Z">
      <class name="org.EnterpriseSSP.TestCase.TC_MoveBooking">
        <test-method status="PASS" signature="initiateBrowser(java.lang.String)[pri:0, instance:org.EnterpriseSSP.TestCase.TC_MoveBooking@754ba872]" name="initiateBrowser" is-config="true" duration-ms="9453" started-at="2019-02-23T11:53:41Z" finished-at="2019-02-23T11:53:50Z">
          <params>
            <param index="0">
              <value>
                <![CDATA[chrome]]>
              </value>
            </param>
          </params>
          <reporter-output>
          </reporter-output>
        </test-method> <!-- initiateBrowser -->
        <test-method status="FAIL" signature="Tc_002()[pri:0, instance:org.EnterpriseSSP.TestCase.TC_MoveBooking@754ba872]" name="Tc_002" duration-ms="4" started-at="2019-02-23T11:53:50Z" finished-at="2019-02-23T11:53:50Z">
          <exception class="java.lang.NullPointerException">
            <full-stacktrace>
              <![CDATA[java.lang.NullPointerException
at org.EnterpriseSSP.Page.LoginPage.LoginToSystem(LoginPage.java:31)
at org.EnterpriseSSP.TestCase.TC_MoveBooking.Tc_002(TC_MoveBooking.java:12)
at sun.reflect.NativeMethodAccessorImpl.invoke0(Native Method)
at sun.reflect.NativeMethodAccessorImpl.invoke(Unknown Source)
at sun.reflect.DelegatingMethodAccessorImpl.invoke(Unknown Source)
at java.lang.reflect.Method.invoke(Unknown Source)
at org.testng.internal.MethodInvocationHelper.invokeMethod(MethodInvocationHelper.java:124)
at org.testng.internal.Invoker.invokeMethod(Invoker.java:583)
at org.testng.internal.Invoker.invokeTestMethod(Invoker.java:719)
at org.testng.internal.Invoker.invokeTestMethods(Invoker.java:989)
at org.testng.internal.TestMethodWorker.invokeTestMethods(TestMethodWorker.java:125)
at org.testng.internal.TestMethodWorker.run(TestMethodWorker.java:109)
at org.testng.TestRunner.privateRun(TestRunner.java:648)
at org.testng.TestRunner.run(TestRunner.java:505)
at org.testng.SuiteRunner.runTest(SuiteRunner.java:455)
at org.testng.SuiteRunner.runSequentially(SuiteRunner.java:450)
at org.testng.SuiteRunner.privateRun(SuiteRunner.java:415)
at org.testng.SuiteRunner.run(SuiteRunner.java:364)
at org.testng.SuiteRunnerWorker.runSuite(SuiteRunnerWorker.java:52)
at org.testng.SuiteRunnerWorker.run(SuiteRunnerWorker.java:84)
at org.testng.TestNG.runSuitesSequentially(TestNG.java:1208)
at org.testng.TestNG.runSuitesLocally(TestNG.java:1137)
at org.testng.TestNG.runSuites(TestNG.java:1049)
at org.testng.TestNG.run(TestNG.java:1017)
at org.testng.remote.AbstractRemoteTestNG.run(AbstractRemoteTestNG.java:114)
at org.testng.remote.RemoteTestNG.initAndRun(RemoteTestNG.java:251)
at org.testng.remote.RemoteTestNG.main(RemoteTestNG.java:77)
]]>
            </full-stacktrace>
          </exception> <!-- java.lang.NullPointerException -->
          <reporter-output>
          </reporter-output>
        </test-method> <!-- Tc_002 -->
        <test-method status="PASS" signature="closeBrowser()[pri:0, instance:org.EnterpriseSSP.TestCase.TC_MoveBooking@754ba872]" name="closeBrowser" is-config="true" duration-ms="642" started-at="2019-02-23T11:53:50Z" finished-at="2019-02-23T11:53:51Z">
          <reporter-output>
          </reporter-output>
        </test-method> <!-- closeBrowser -->
      </class> <!-- org.EnterpriseSSP.TestCase.TC_MoveBooking -->
      <class name="org.EnterpriseSSP.TestCase.TC_Login">
        <test-method status="PASS" signature="initiateBrowser(java.lang.String)[pri:0, instance:org.EnterpriseSSP.TestCase.TC_Login@e25b2fe]" name="initiateBrowser" is-config="true" duration-ms="10985" started-at="2019-02-23T11:53:25Z" finished-at="2019-02-23T11:53:36Z">
          <params>
            <param index="0">
              <value>
                <![CDATA[chrome]]>
              </value>
            </param>
          </params>
          <reporter-output>
          </reporter-output>
        </test-method> <!-- initiateBrowser -->
        <test-method status="PASS" signature="TC_001()[pri:0, instance:org.EnterpriseSSP.TestCase.TC_Login@e25b2fe]" name="TC_001" duration-ms="4028" started-at="2019-02-23T11:53:36Z" finished-at="2019-02-23T11:53:40Z">
          <reporter-output>
          </reporter-output>
        </test-method> <!-- TC_001 -->
        <test-method status="PASS" signature="closeBrowser()[pri:0, instance:org.EnterpriseSSP.TestCase.TC_Login@e25b2fe]" name="closeBrowser" is-config="true" duration-ms="649" started-at="2019-02-23T11:53:40Z" finished-at="2019-02-23T11:53:41Z">
          <reporter-output>
          </reporter-output>
        </test-method> <!-- closeBrowser -->
      </class> <!-- org.EnterpriseSSP.TestCase.TC_Login -->
    </test> <!-- Test -->
  </suite> <!-- Suite -->
</testng-results>
